[debug] [2023-02-05T22:05:32.117Z] ----------------------------------------------------------------------
[debug] [2023-02-05T22:05:32.119Z] Command:       C:\Program Files\nodejs\node.exe C:\Users\cland\AppData\Roaming\npm\node_modules\firebase-tools\lib\bin\firebase.js init
[debug] [2023-02-05T22:05:32.120Z] CLI Version:   11.22.0
[debug] [2023-02-05T22:05:32.120Z] Platform:      win32
[debug] [2023-02-05T22:05:32.120Z] Node Version:  v18.12.1
[debug] [2023-02-05T22:05:32.121Z] Time:          Sun Feb 05 2023 23:05:32 GMT+0100 (czas środkowoeuropejski standardowy)
[debug] [2023-02-05T22:05:32.121Z] ----------------------------------------------------------------------
[debug] 
[debug] [2023-02-05T22:05:32.209Z] > command requires scopes: ["email","openid","https://www.googleapis.com/auth/cloudplatformprojects.readonly","https://www.googleapis.com/auth/firebase","https://www.googleapis.com/auth/cloud-platform"]
[debug] [2023-02-05T22:05:32.210Z] > authorizing via signed-in user (veguspl@gmail.com)
[info] 
     ######## #### ########  ######## ########     ###     ######  ########
     ##        ##  ##     ## ##       ##     ##  ##   ##  ##       ##
     ######    ##  ########  ######   ########  #########  ######  ######
     ##        ##  ##    ##  ##       ##     ## ##     ##       ## ##
     ##       #### ##     ## ######## ########  ##     ##  ######  ########

You're about to initialize a Firebase project in this directory:

  C:\Users\cland\OneDrive\Pulpit\personal-domsky-main

Before we get started, keep in mind:

  * You are initializing within an existing Firebase project directory

[debug] [2023-02-05T22:06:22.821Z] ----------------------------------------------------------------------
[debug] [2023-02-05T22:06:22.823Z] Command:       C:\Program Files\nodejs\node.exe C:\Users\cland\AppData\Roaming\npm\node_modules\firebase-tools\lib\bin\firebase.js init
[debug] [2023-02-05T22:06:22.824Z] CLI Version:   11.22.0
[debug] [2023-02-05T22:06:22.824Z] Platform:      win32
[debug] [2023-02-05T22:06:22.824Z] Node Version:  v18.12.1
[debug] [2023-02-05T22:06:22.825Z] Time:          Sun Feb 05 2023 23:06:22 GMT+0100 (czas środkowoeuropejski standardowy)
[debug] [2023-02-05T22:06:22.825Z] ----------------------------------------------------------------------
[debug] 
[debug] [2023-02-05T22:06:22.907Z] > command requires scopes: ["email","openid","https://www.googleapis.com/auth/cloudplatformprojects.readonly","https://www.googleapis.com/auth/firebase","https://www.googleapis.com/auth/cloud-platform"]
[debug] [2023-02-05T22:06:22.908Z] > authorizing via signed-in user (veguspl@gmail.com)
[info] 
     ######## #### ########  ######## ########     ###     ######  ########
     ##        ##  ##     ## ##       ##     ##  ##   ##  ##       ##
     ######    ##  ########  ######   ########  #########  ######  ######
     ##        ##  ##    ##  ##       ##     ## ##     ##       ## ##
     ##       #### ##     ## ######## ########  ##     ##  ######  ########

You're about to initialize a Firebase project in this directory:

  C:\Users\cland\OneDrive\Pulpit\personal-domsky-main

Before we get started, keep in mind:

  * You are initializing within an existing Firebase project directory

